<?xml version="1.0" encoding="UTF-8"?>
<!-- Generated by org.testng.reporters.JUnitReportReporter -->
<testsuite hostname="DESKTOP-KQTFNQS" failures="0" tests="1" name="testNG.Demo" time="0.012" errors="0" timestamp="2022-02-16T09:51:38 IST" skipped="0">
  <testcase classname="testNG.Demo" name="f" time="0.012"/>
  <system-out>
    <![CDATA[I am]]>
  </system-out>
</testsuite> <!-- testNG.Demo -->
