<?xml version="1.0" encoding="UTF-8"?>
<!-- Generated by org.testng.reporters.JUnitReportReporter -->
<testsuite hostname="DESKTOP-KQTFNQS" failures="0" tests="1" name="testNG1.ActiTimeLogin" time="3.994" errors="0" timestamp="2022-02-22T21:53:38 IST" skipped="0">
  <testcase classname="testNG1.ActiTimeLogin" name="actiTimeLogin" time="3.994"/>
  <system-out/>
</testsuite> <!-- testNG1.ActiTimeLogin -->
