<?xml version="1.0" encoding="UTF-8"?>
<!-- Generated by org.testng.reporters.JUnitReportReporter -->
<testsuite hostname="DESKTOP-KQTFNQS" failures="0" tests="3" name="testNG1.LoginLogoutWithMin" time="0.035" errors="0" timestamp="2022-02-18T12:37:54 IST" skipped="0">
  <testcase classname="testNG1.LoginLogoutWithMin" name="login" time="0.014"/>
  <system-out>
    <![CDATA[login]]>
  </system-out>
  <testcase classname="testNG1.LoginLogoutWithMin" name="createUser" time="0.006"/>
  <system-out>
    <![CDATA[Create users]]>
  </system-out>
  <testcase classname="testNG1.LoginLogoutWithMin" name="logout" time="0.015"/>
  <system-out>
    <![CDATA[logout]]>
  </system-out>
</testsuite> <!-- testNG1.LoginLogoutWithMin -->
