<?xml version="1.0" encoding="UTF-8"?>
<!-- Generated by org.testng.reporters.JUnitReportReporter -->
<testsuite hostname="DESKTOP-KQTFNQS" failures="0" tests="1" name="parallelExecution.BaseTest2" time="14.654" errors="0" timestamp="2022-02-23T10:06:54 IST" skipped="0">
  <testcase classname="parallelExecution.BaseTest2" name="test2" time="14.654"/>
  <system-out/>
</testsuite> <!-- parallelExecution.BaseTest2 -->
