<?xml version="1.0" encoding="UTF-8"?>
<!-- Generated by org.testng.reporters.JUnitReportReporter -->
<testsuite hostname="DESKTOP-KQTFNQS" failures="0" tests="2" name="testNGFlags.Flag6" time="0.009" errors="0" timestamp="2022-02-19T09:35:57 IST" skipped="1">
  <testcase classname="testNGFlags.Flag6" name="g" time="0.009"/>
  <system-out>
    <![CDATA[test case got executed]]>
  </system-out>
  <testcase classname="testNGFlags.Flag6" name="f">
    <skipped/>
  </testcase> <!-- f -->
  <system-out/>
</testsuite> <!-- testNGFlags.Flag6 -->
