<?xml version="1.0" encoding="UTF-8"?>
<!-- Generated by org.testng.reporters.JUnitReportReporter -->
<testsuite hostname="DESKTOP-KQTFNQS" failures="0" tests="18" name="testNGFlags.Flag2" time="0.073" errors="0" timestamp="2022-02-19T09:27:19 IST" skipped="0">
  <testcase classname="testNGFlags.Flag2" name="c" time="0.003"/>
  <system-out>
    <![CDATA[generates the invocation bug]]>
  </system-out>
  <testcase classname="testNGFlags.Flag2" name="c" time="0.007"/>
  <system-out>
    <![CDATA[generates the invocation bug]]>
  </system-out>
  <testcase classname="testNGFlags.Flag2" name="c" time="0.010"/>
  <system-out>
    <![CDATA[generates the invocation bug]]>
  </system-out>
  <testcase classname="testNGFlags.Flag2" name="c" time="0.001"/>
  <system-out>
    <![CDATA[generates the invocation bug]]>
  </system-out>
  <testcase classname="testNGFlags.Flag2" name="c" time="0.002"/>
  <system-out>
    <![CDATA[generates the invocation bug]]>
  </system-out>
  <testcase classname="testNGFlags.Flag2" name="c" time="0.002"/>
  <system-out>
    <![CDATA[generates the invocation bug]]>
  </system-out>
  <testcase classname="testNGFlags.Flag2" name="c" time="0.014"/>
  <system-out>
    <![CDATA[generates the invocation bug]]>
  </system-out>
  <testcase classname="testNGFlags.Flag2" name="c" time="0.005"/>
  <system-out>
    <![CDATA[generates the invocation bug]]>
  </system-out>
  <testcase classname="testNGFlags.Flag2" name="c" time="0.005"/>
  <system-out>
    <![CDATA[generates the invocation bug]]>
  </system-out>
  <testcase classname="testNGFlags.Flag2" name="c" time="0.002"/>
  <system-out>
    <![CDATA[generates the invocation bug]]>
  </system-out>
  <testcase classname="testNGFlags.Flag2" name="c" time="0.002"/>
  <system-out>
    <![CDATA[generates the invocation bug]]>
  </system-out>
  <testcase classname="testNGFlags.Flag2" name="c" time="0.005"/>
  <system-out>
    <![CDATA[generates the invocation bug]]>
  </system-out>
  <testcase classname="testNGFlags.Flag2" name="c" time="0.002"/>
  <system-out>
    <![CDATA[generates the invocation bug]]>
  </system-out>
  <testcase classname="testNGFlags.Flag2" name="c" time="0.002"/>
  <system-out>
    <![CDATA[generates the invocation bug]]>
  </system-out>
  <testcase classname="testNGFlags.Flag2" name="c" time="0.006"/>
  <system-out>
    <![CDATA[generates the invocation bug]]>
  </system-out>
  <testcase classname="testNGFlags.Flag2" name="c" time="0.001"/>
  <system-out>
    <![CDATA[generates the invocation bug]]>
  </system-out>
  <testcase classname="testNGFlags.Flag2" name="c" time="0.003"/>
  <system-out>
    <![CDATA[generates the invocation bug]]>
  </system-out>
  <testcase classname="testNGFlags.Flag2" name="c" time="0.001"/>
  <system-out>
    <![CDATA[generates the invocation bug]]>
  </system-out>
</testsuite> <!-- testNGFlags.Flag2 -->
