<?xml version="1.0" encoding="UTF-8"?>
<!-- Generated by org.testng.reporters.JUnitReportReporter -->
<testsuite hostname="DESKTOP-KQTFNQS" failures="0" tests="2" name="parallelExecution.ParallelMethodExecution" time="0.030" errors="0" timestamp="2022-02-24T08:58:18 IST" skipped="0">
  <testcase classname="parallelExecution.ParallelMethodExecution" name="Method1" time="0.013"/>
  <system-out>
    <![CDATA[method1 
17]]>
  </system-out>
  <testcase classname="parallelExecution.ParallelMethodExecution" name="Method2" time="0.017"/>
  <system-out>
    <![CDATA[method2 
18]]>
  </system-out>
</testsuite> <!-- parallelExecution.ParallelMethodExecution -->
