<?xml version="1.0" encoding="UTF-8"?>
<!-- Generated by org.testng.reporters.JUnitReportReporter -->
<testsuite hostname="DESKTOP-KQTFNQS" failures="0" tests="5" name="testNG1.NewTest" time="47.137" errors="0" timestamp="2022-02-25T09:03:40 IST" skipped="0">
  <testcase classname="testNG1.NewTest" name="testOrangeHRM" time="8.205"/>
  <system-out/>
  <testcase classname="testNG1.NewTest" name="testOrangeHRM" time="9.039"/>
  <system-out/>
  <testcase classname="testNG1.NewTest" name="testOrangeHRM" time="13.131"/>
  <system-out/>
  <testcase classname="testNG1.NewTest" name="testOrangeHRM" time="8.054"/>
  <system-out/>
  <testcase classname="testNG1.NewTest" name="testOrangeHRM" time="8.708"/>
  <system-out/>
</testsuite> <!-- testNG1.NewTest -->
