<?xml version="1.0" encoding="UTF-8"?>
<!-- Generated by org.testng.reporters.JUnitReportReporter -->
<testsuite hostname="DESKTOP-KQTFNQS" failures="0" tests="1" name="testNG1.Sumo" time="0.013" errors="0" timestamp="2022-02-18T12:34:58 IST" skipped="0">
  <testcase classname="testNG1.Sumo" name="c" time="0.013"/>
  <system-out>
    <![CDATA[Sumo Class]]>
  </system-out>
</testsuite> <!-- testNG1.Sumo -->
