<?xml version="1.0" encoding="UTF-8"?>
<!-- Generated by org.testng.reporters.JUnitReportReporter -->
<testsuite hostname="DESKTOP-KQTFNQS" failures="0" tests="1" name="testNGAnnotationFrameWork.TestActiTimeLogin" time="5.253" errors="0" timestamp="2022-02-23T09:17:00 IST" skipped="0">
  <testcase classname="testNGAnnotationFrameWork.TestActiTimeLogin" name="validLogin" time="5.253"/>
  <system-out/>
</testsuite> <!-- testNGAnnotationFrameWork.TestActiTimeLogin -->
