<?xml version="1.0" encoding="UTF-8"?>
<!-- Generated by org.testng.reporters.JUnitReportReporter -->
<testsuite hostname="DESKTOP-KQTFNQS" failures="0" tests="2" name="testNG1.ReadDataFromXml" time="13.675" errors="0" timestamp="2022-02-23T09:40:04 IST" skipped="0">
  <testcase classname="testNG1.ReadDataFromXml" name="openBrowser" time="4.067"/>
  <system-out/>
  <testcase classname="testNG1.ReadDataFromXml" name="openBrowser" time="9.608"/>
  <system-out/>
</testsuite> <!-- testNG1.ReadDataFromXml -->
