<?xml version="1.0" encoding="UTF-8"?>
<!-- Generated by org.testng.reporters.JUnitReportReporter -->
<testsuite hostname="DESKTOP-KQTFNQS" failures="0" tests="1" name="testNGAnnotationFrameWork.TestValidLogin" time="3.130" errors="0" timestamp="2022-02-23T09:17:46 IST" skipped="0">
  <testcase classname="testNGAnnotationFrameWork.TestValidLogin" name="validLogin" time="3.130"/>
  <system-out/>
</testsuite> <!-- testNGAnnotationFrameWork.TestValidLogin -->
