<?xml version="1.0" encoding="UTF-8"?>
<!-- Generated by org.testng.reporters.JUnitReportReporter -->
<testsuite hostname="DESKTOP-KQTFNQS" failures="0" tests="3" name="testNG1.LoginLogOut" time="0.013" errors="0" timestamp="2022-02-18T11:17:50 IST" skipped="0">
  <testcase classname="testNG1.LoginLogOut" name="login" time="0.009"/>
  <system-out>
    <![CDATA[login]]>
  </system-out>
  <testcase classname="testNG1.LoginLogOut" name="createUser" time="0.002"/>
  <system-out>
    <![CDATA[Create users]]>
  </system-out>
  <testcase classname="testNG1.LoginLogOut" name="logout" time="0.002"/>
  <system-out>
    <![CDATA[logout]]>
  </system-out>
</testsuite> <!-- testNG1.LoginLogOut -->
