<?xml version="1.0" encoding="UTF-8"?>
<!-- Generated by org.testng.reporters.JUnitReportReporter -->
<testsuite hostname="DESKTOP-KQTFNQS" failures="0" tests="1" name="testNG1.Remo" time="0.002" errors="0" timestamp="2022-02-18T12:34:58 IST" skipped="0">
  <testcase classname="testNG1.Remo" name="b" time="0.002"/>
  <system-out>
    <![CDATA[Remo Class]]>
  </system-out>
</testsuite> <!-- testNG1.Remo -->
