<?xml version="1.0" encoding="UTF-8"?>
<!-- Generated by org.testng.reporters.JUnitReportReporter -->
<testsuite hostname="DESKTOP-KQTFNQS" failures="0" tests="2" name="testNGFlags.Flag3" time="0.016" errors="0" timestamp="2022-02-19T09:30:10 IST" skipped="0">
  <testcase classname="testNGFlags.Flag3" name="Logout" time="0.003"/>
  <system-out>
    <![CDATA[Logout feature]]>
  </system-out>
  <testcase classname="testNGFlags.Flag3" name="Signin" time="0.013"/>
  <system-out>
    <![CDATA[login Feature]]>
  </system-out>
</testsuite> <!-- testNGFlags.Flag3 -->
