<?xml version="1.0" encoding="UTF-8"?>
<!-- Generated by org.testng.reporters.JUnitReportReporter -->
<testsuite hostname="DESKTOP-KQTFNQS" failures="0" tests="12" name="testNGFlags.Flag7" time="0.066" errors="0" timestamp="2022-02-19T10:10:59 IST" skipped="0">
  <testcase classname="testNGFlags.Flag7" name="ft5" time="0.007"/>
  <system-out>
    <![CDATA[functional test case 6]]>
  </system-out>
  <testcase classname="testNGFlags.Flag7" name="ft4" time="0.005"/>
  <system-out>
    <![CDATA[functional test case 5]]>
  </system-out>
  <testcase classname="testNGFlags.Flag7" name="st2" time="0.003"/>
  <system-out>
    <![CDATA[Smoke test case 3]]>
  </system-out>
  <testcase classname="testNGFlags.Flag7" name="st0" time="0.003"/>
  <system-out>
    <![CDATA[Smoke test case 1]]>
  </system-out>
  <testcase classname="testNGFlags.Flag7" name="ft2" time="0.006"/>
  <system-out>
    <![CDATA[functional test case 3]]>
  </system-out>
  <testcase classname="testNGFlags.Flag7" name="ft3" time="0.006"/>
  <system-out>
    <![CDATA[functional test case 4]]>
  </system-out>
  <testcase classname="testNGFlags.Flag7" name="st3" time="0.007"/>
  <system-out>
    <![CDATA[Smoke test case 4]]>
  </system-out>
  <testcase classname="testNGFlags.Flag7" name="st5" time="0.003"/>
  <system-out>
    <![CDATA[Smoke test case 6]]>
  </system-out>
  <testcase classname="testNGFlags.Flag7" name="ft0" time="0.015"/>
  <system-out>
    <![CDATA[functional test case 1]]>
  </system-out>
  <testcase classname="testNGFlags.Flag7" name="ft1" time="0.005"/>
  <system-out>
    <![CDATA[functional test case 2]]>
  </system-out>
  <testcase classname="testNGFlags.Flag7" name="st1" time="0.004"/>
  <system-out>
    <![CDATA[Smoke test case 2]]>
  </system-out>
  <testcase classname="testNGFlags.Flag7" name="st4" time="0.002"/>
  <system-out>
    <![CDATA[Smoke test case 5]]>
  </system-out>
</testsuite> <!-- testNGFlags.Flag7 -->
