<?xml version="1.0" encoding="UTF-8"?>
<!-- Generated by org.testng.reporters.JUnitReportReporter -->
<testsuite hostname="DESKTOP-KQTFNQS" failures="0" tests="2" name="testAnnotation.TestNG12" time="0.010" errors="0" timestamp="2022-02-23T08:51:47 IST" skipped="0">
  <testcase classname="testAnnotation.TestNG12" name="TestScript1" time="0.004"/>
  <system-out>
    <![CDATA[test script 1]]>
  </system-out>
  <testcase classname="testAnnotation.TestNG12" name="TestScript2" time="0.006"/>
  <system-out>
    <![CDATA[test script 2]]>
  </system-out>
</testsuite> <!-- testAnnotation.TestNG12 -->
