<?xml version="1.0" encoding="UTF-8"?>
<!-- Generated by org.testng.reporters.JUnitReportReporter -->
<testsuite hostname="DESKTOP-KQTFNQS" failures="0" tests="1" name="testNG1.OrangeHrm" time="12.086" errors="0" timestamp="2022-02-21T23:12:35 IST" skipped="0">
  <testcase classname="testNG1.OrangeHrm" name="orangeHrm" time="12.086"/>
  <system-out/>
</testsuite> <!-- testNG1.OrangeHrm -->
