<?xml version="1.0" encoding="UTF-8"?>
<!-- Generated by org.testng.reporters.JUnitReportReporter -->
<testsuite hostname="DESKTOP-KQTFNQS" failures="0" tests="1" name="parallelExecution.BaseTest3" time="17.864" errors="0" timestamp="2022-02-23T10:06:54 IST" skipped="0">
  <testcase classname="parallelExecution.BaseTest3" name="test3" time="17.864"/>
  <system-out/>
</testsuite> <!-- parallelExecution.BaseTest3 -->
