<?xml version="1.0" encoding="UTF-8"?>
<!-- Generated by org.testng.reporters.JUnitReportReporter -->
<testsuite hostname="DESKTOP-KQTFNQS" failures="0" tests="1" name="parallelExecution.BaseTest4" time="18.663" errors="0" timestamp="2022-02-23T10:06:54 IST" skipped="0">
  <testcase classname="parallelExecution.BaseTest4" name="test4" time="18.663"/>
  <system-out/>
</testsuite> <!-- parallelExecution.BaseTest4 -->
