<?xml version="1.0" encoding="UTF-8"?>
<!-- Generated by org.testng.reporters.JUnitReportReporter -->
<testsuite hostname="DESKTOP-KQTFNQS" failures="0" tests="9" name="testNG1.NewId" time="0.034" errors="0" timestamp="2022-02-18T12:40:24 IST" skipped="0">
  <testcase classname="testNG1.NewId" name="h" time="0.011"/>
  <system-out>
    <![CDATA[h method]]>
  </system-out>
  <testcase classname="testNG1.NewId" name="c" time="0.006"/>
  <system-out>
    <![CDATA[c method]]>
  </system-out>
  <testcase classname="testNG1.NewId" name="b" time="0.004"/>
  <system-out>
    <![CDATA[b method]]>
  </system-out>
  <testcase classname="testNG1.NewId" name="x" time="0.004"/>
  <system-out>
    <![CDATA[x method]]>
  </system-out>
  <testcase classname="testNG1.NewId" name="q" time="0.002"/>
  <system-out>
    <![CDATA[q method]]>
  </system-out>
  <testcase classname="testNG1.NewId" name="j" time="0.002"/>
  <system-out>
    <![CDATA[j method]]>
  </system-out>
  <testcase classname="testNG1.NewId" name="w" time="0.002"/>
  <system-out>
    <![CDATA[w method]]>
  </system-out>
  <testcase classname="testNG1.NewId" name="g" time="0.002"/>
  <system-out>
    <![CDATA[g method]]>
  </system-out>
  <testcase classname="testNG1.NewId" name="p" time="0.001"/>
  <system-out>
    <![CDATA[p method]]>
  </system-out>
</testsuite> <!-- testNG1.NewId -->
