<?xml version="1.0" encoding="UTF-8"?>
<!-- Generated by org.testng.reporters.JUnitReportReporter -->
<testsuite hostname="DESKTOP-KQTFNQS" failures="0" tests="1" name="testNGFlags.Flag1" time="0.019" errors="0" timestamp="2022-02-19T09:24:38 IST" skipped="0">
  <testcase classname="testNGFlags.Flag1" name="c" time="0.019"/>
  <system-out>
    <![CDATA[login]]>
  </system-out>
</testsuite> <!-- testNGFlags.Flag1 -->
