<?xml version="1.0" encoding="UTF-8"?>
<!-- Generated by org.testng.reporters.JUnitReportReporter -->
<testsuite hostname="DESKTOP-KQTFNQS" failures="0" tests="1" name="takeScreenShotDynamically.CommanListener" time="0.009" errors="0" timestamp="2022-02-24T09:59:37 IST" skipped="0">
  <testcase classname="takeScreenShotDynamically.CommanListener" name="f" time="0.009"/>
  <system-out/>
</testsuite> <!-- takeScreenShotDynamically.CommanListener -->
